total alarm sounds is 116
total other sounds is 219(other:128 + siren:91)
Prediction result: [[0.65541416 0.34458578]], and true label: 52
Prediction result: [[0.63813674 0.36186326]], and true label: 52
Prediction result: [[0.7252569 0.2747431]], and true label: 52
Prediction result: [[0.38546032 0.6145397 ]], and true label: 52
Prediction result: [[0.6914287  0.30857134]], and true label: 52
Prediction result: [[0.69943863 0.30056137]], and true label: 52
Prediction result: [[0.7520097  0.24799034]], and true label: 52
Prediction result: [[0.77033615 0.2296638 ]], and true label: 52
Prediction result: [[0.5440081  0.45599186]], and true label: 52
Prediction result: [[0.58428085 0.41571918]], and true label: 52
Prediction result: [[0.6582557  0.34174433]], and true label: 52
Prediction result: [[0.5595955  0.44040442]], and true label: 52
Prediction result: [[0.50315154 0.49684843]], and true label: 52
Prediction result: [[0.7252569 0.2747431]], and true label: 52
Prediction result: [[0.82317024 0.1768297 ]], and true label: 52
Prediction result: [[0.6667117  0.33328834]], and true label: 52
Prediction result: [[0.63813674 0.36186326]], and true label: 52
Prediction result: [[0.60252804 0.39747196]], and true label: 52
Prediction result: [[0.6750617  0.32493833]], and true label: 52
Prediction result: [[0.52204686 0.4779532 ]], and true label: 52
Prediction result: [[0.63813674 0.36186326]], and true label: 52
Prediction result: [[0.6750617  0.32493833]], and true label: 52
Prediction result: [[0.56270003 0.43730003]], and true label: 52
Prediction result: [[0.65541416 0.34458578]], and true label: 52
Prediction result: [[0.6554142  0.34458578]], and true label: 52
Prediction result: [[0.77033615 0.2296638 ]], and true label: 52
Prediction result: [[0.73763674 0.26236326]], and true label: 52
Prediction result: [[0.5812155  0.41878447]], and true label: 52
Prediction result: [[0.52204686 0.4779532 ]], and true label: 52
Prediction result: [[0.7073287  0.29267132]], and true label: 52
Prediction result: [[0.763577 0.236423]], and true label: 52
Prediction result: [[0.7073287  0.29267132]], and true label: 52
Prediction result: [[0.7520097  0.24799034]], and true label: 52
Prediction result: [[0.6914287  0.30857134]], and true label: 52
Prediction result: [[0.40352544 0.5964745 ]], and true label: 52
Prediction result: [[0.59343666 0.40656337]], and true label: 52
Prediction result: [[0.6582557  0.34174433]], and true label: 52
Prediction result: [[0.5440081  0.45599186]], and true label: 52
Prediction result: [[0.48424724 0.51575273]], and true label: 52
Prediction result: [[0.6410427  0.35895732]], and true label: 52
Prediction result: [[0.50315154 0.49684843]], and true label: 52
Prediction result: [[0.6204946  0.37950543]], and true label: 52
Prediction result: [[0.6750617  0.32493833]], and true label: 52
Prediction result: [[0.50315154 0.49684843]], and true label: 52
Prediction result: [[0.6914287  0.30857134]], and true label: 52
Prediction result: [[0.6914287  0.30857134]], and true label: 52
Prediction result: [[0.52204686 0.4779532 ]], and true label: 52
Prediction result: [[0.6204946  0.37950543]], and true label: 52
Prediction result: [[0.7252569 0.2747431]], and true label: 52
Prediction result: [[0.7252569  0.27474308]], and true label: 52
Prediction result: [[0.7791355  0.22086443]], and true label: 52
Prediction result: [[0.50315154 0.49684843]], and true label: 52
Prediction result: [[0.56270003 0.43730003]], and true label: 52
Prediction result: [[0.52204686 0.4779532 ]], and true label: 52
Prediction result: [[0.7680983  0.23190172]], and true label: 52
Prediction result: [[0.7520097  0.24799034]], and true label: 52
Prediction result: [[0.5812155  0.41878447]], and true label: 52
Prediction result: [[0.6914287  0.30857134]], and true label: 52
Prediction result: [[0.6722904  0.32770965]], and true label: 52
Prediction result: [[0.59950507 0.40049493]], and true label: 52
Prediction result: [[0.7791355  0.22086443]], and true label: 52
Prediction result: [[0.59950507 0.40049493]], and true label: 52
Prediction result: [[0.79187655 0.20812348]], and true label: 52
Prediction result: [[0.5812155  0.41878447]], and true label: 52
Prediction result: [[0.5440081  0.45599186]], and true label: 52
Prediction result: [[0.78129727 0.21870275]], and true label: 52
Prediction result: [[0.6941118 0.3058882]], and true label: 52
Prediction result: [[0.5440081  0.45599186]], and true label: 52
Prediction result: [[0.6410427  0.35895732]], and true label: 52
Prediction result: [[0.72273785 0.27726215]], and true label: 52
Prediction result: [[0.6914287  0.30857134]], and true label: 52
Prediction result: [[0.20605348 0.7939465 ]], and true label: 52
Prediction result: [[0.65541416 0.34458578]], and true label: 52
Prediction result: [[0.8060458 0.1939542]], and true label: 52
Prediction result: [[0.7980406  0.20195936]], and true label: 52
Prediction result: [[0.6722904  0.32770965]], and true label: 52
Prediction result: [[0.44040442 0.5595955 ]], and true label: 52
Prediction result: [[0.6722904  0.32770965]], and true label: 52
Prediction result: [[0.44040442 0.5595955 ]], and true label: 52
Prediction result: [[0.5 0.5]], and true label: 52
Prediction result: [[0.7252569 0.2747431]], and true label: 52
Prediction result: [[0.72273785 0.27726215]], and true label: 52
Prediction result: [[0.6410427  0.35895732]], and true label: 52
Prediction result: [[0.79600126 0.2039988 ]], and true label: 52
Prediction result: [[0.56270003 0.43730003]], and true label: 52
Prediction result: [[0.72020465 0.27979538]], and true label: 52
Prediction result: [[0.58428085 0.41571918]], and true label: 52
Prediction result: [[0.7073287  0.29267132]], and true label: 52
Prediction result: [[0.6750617  0.32493833]], and true label: 52
Prediction result: [[0.72273785 0.27726215]], and true label: 52
Prediction result: [[0.70993155 0.29006848]], and true label: 52
Prediction result: [[0.6410427  0.35895732]], and true label: 52
Prediction result: [[0.6914287  0.30857134]], and true label: 52
Prediction result: [[0.7812973  0.21870273]], and true label: 52
Prediction result: [[0.6582557  0.34174433]], and true label: 52
Prediction result: [[0.8099571  0.19004294]], and true label: 52
Prediction result: [[0.6750617  0.32493833]], and true label: 52
Prediction result: [[0.56270003 0.43730003]], and true label: 52
Prediction result: [[0.75435317 0.24564682]], and true label: 52
Prediction result: [[0.59950507 0.40049493]], and true label: 52
Prediction result: [[0.59950507 0.40049493]], and true label: 52
Prediction result: [[0.763577 0.236423]], and true label: 52
Prediction result: [[0.6722904  0.32770965]], and true label: 52
Prediction result: [[0.83039105 0.16960897]], and true label: 52
Prediction result: [[0.6582557  0.34174433]], and true label: 52
Prediction result: [[0.7073287  0.29267132]], and true label: 52
Prediction result: [[0.52204686 0.4779532 ]], and true label: 52
Prediction result: [[0.7520097  0.24799034]], and true label: 52
Prediction result: [[0.5812155  0.41878447]], and true label: 52
Prediction result: [[0.7400691  0.25993088]], and true label: 52
Prediction result: [[0.70993155 0.29006848]], and true label: 52
Prediction result: [[0.6410427  0.35895732]], and true label: 52
Prediction result: [[0.7791355  0.22086443]], and true label: 52
Prediction result: [[0.8506461  0.14935389]], and true label: 52
Prediction result: [[0.60252804 0.39747196]], and true label: 52
Prediction result: [[0.78344375 0.2165563 ]], and true label: 52
Prediction result: [[0.29528785 0.70471215]], and true label: 99
Prediction result: [[0.330493   0.66950697]], and true label: 99
Prediction result: [[0.23190174 0.7680983 ]], and true label: 99
Prediction result: [[0.3647793  0.63522065]], and true label: 99
Prediction result: [[0.34743842 0.65256155]], and true label: 99
Prediction result: [[0.40352544 0.5964745 ]], and true label: 99
Prediction result: [[0.3647793  0.63522065]], and true label: 99
Prediction result: [[0.34743842 0.65256155]], and true label: 99
Prediction result: [[0.50315154 0.49684843]], and true label: 99
Prediction result: [[0.29528785 0.70471215]], and true label: 99
Prediction result: [[0.56270003 0.43730003]], and true label: 99
Prediction result: [[0.3647793  0.63522065]], and true label: 99
Prediction result: [[0.26236326 0.73763674]], and true label: 99
Prediction result: [[0.24799034 0.7520097 ]], and true label: 99
Prediction result: [[0.330493   0.66950697]], and true label: 99
Prediction result: [[0.38546032 0.6145397 ]], and true label: 99
Prediction result: [[0.29528785 0.70471215]], and true label: 99
Prediction result: [[0.29528785 0.70471215]], and true label: 99
Prediction result: [[0.38546032 0.6145397 ]], and true label: 99
Prediction result: [[0.38546032 0.6145397 ]], and true label: 99
Prediction result: [[0.23190174 0.7680983 ]], and true label: 99
Prediction result: [[0.6410427  0.35895732]], and true label: 99
Prediction result: [[0.24799034 0.7520097 ]], and true label: 99
Prediction result: [[0.29528785 0.70471215]], and true label: 99
Prediction result: [[0.27726215 0.72273785]], and true label: 99
Prediction result: [[0.23190174 0.7680983 ]], and true label: 99
Prediction result: [[0.29528785 0.70471215]], and true label: 99
Prediction result: [[0.11874057 0.88125944]], and true label: 99
Prediction result: [[0.330493   0.66950697]], and true label: 99
Prediction result: [[0.20605348 0.7939465 ]], and true label: 99
Prediction result: [[0.3647793  0.63522065]], and true label: 99
Prediction result: [[0.48424724 0.51575273]], and true label: 99
Prediction result: [[0.21870273 0.7812973 ]], and true label: 99
Prediction result: [[0.78129727 0.21870275]], and true label: 99
Prediction result: [[0.24564682 0.75435317]], and true label: 99
Prediction result: [[0.38546032 0.6145397 ]], and true label: 99
Prediction result: [[0.31397638 0.6860236 ]], and true label: 99
Prediction result: [[0.27726215 0.72273785]], and true label: 99
Prediction result: [[0.40352544 0.5964745 ]], and true label: 99
Prediction result: [[0.3647793  0.63522065]], and true label: 99
Prediction result: [[0.330493   0.66950697]], and true label: 99
Prediction result: [[0.330493   0.66950697]], and true label: 99
Prediction result: [[0.26236326 0.73763674]], and true label: 99
Prediction result: [[0.44040442 0.5595955 ]], and true label: 99
Prediction result: [[0.20605348 0.7939465 ]], and true label: 99
Prediction result: [[0.7073287  0.29267132]], and true label: 99
Prediction result: [[0.6750617  0.32493833]], and true label: 99
Prediction result: [[0.38546032 0.6145397 ]], and true label: 99
Prediction result: [[0.5812155  0.41878447]], and true label: 99
Prediction result: [[0.29528785 0.70471215]], and true label: 99
Prediction result: [[0.31397638 0.6860236 ]], and true label: 99
Prediction result: [[0.3647793  0.63522065]], and true label: 99
Prediction result: [[0.3647793  0.63522065]], and true label: 99
Prediction result: [[0.3647793  0.63522065]], and true label: 99
Prediction result: [[0.330493   0.66950697]], and true label: 99
Prediction result: [[0.18052967 0.81947035]], and true label: 99
Prediction result: [[0.34743842 0.65256155]], and true label: 99
Prediction result: [[0.29528785 0.70471215]], and true label: 99
Prediction result: [[0.40352544 0.5964745 ]], and true label: 99
Prediction result: [[0.330493   0.66950697]], and true label: 99
Prediction result: [[0.3647793  0.63522065]], and true label: 99
Prediction result: [[0.26236326 0.73763674]], and true label: 99
Prediction result: [[0.34743842 0.65256155]], and true label: 99
Prediction result: [[0.42185602 0.578144  ]], and true label: 99
Prediction result: [[0.40352544 0.5964745 ]], and true label: 99
Prediction result: [[0.24799034 0.7520097 ]], and true label: 99
Prediction result: [[0.38546032 0.6145397 ]], and true label: 99
Prediction result: [[0.34743842 0.65256155]], and true label: 99
Prediction result: [[0.26236326 0.73763674]], and true label: 99
Prediction result: [[0.26236326 0.73763674]], and true label: 99
Prediction result: [[0.26236326 0.73763674]], and true label: 99
Prediction result: [[0.29528785 0.70471215]], and true label: 99
Prediction result: [[0.78557485 0.21442516]], and true label: 99
Prediction result: [[0.26236326 0.73763674]], and true label: 99
Prediction result: [[0.34743842 0.65256155]], and true label: 99
Prediction result: [[0.3647793  0.63522065]], and true label: 99
Prediction result: [[0.3647793  0.63522065]], and true label: 99
Prediction result: [[0.38546032 0.6145397 ]], and true label: 99
Prediction result: [[0.27726215 0.72273785]], and true label: 99
Prediction result: [[0.34743842 0.65256155]], and true label: 99
Prediction result: [[0.31397638 0.6860236 ]], and true label: 99
Prediction result: [[0.26236326 0.73763674]], and true label: 99
Prediction result: [[0.29528785 0.70471215]], and true label: 99
Prediction result: [[0.330493   0.66950697]], and true label: 99
Prediction result: [[0.1939542 0.8060458]], and true label: 99
Prediction result: [[0.23190174 0.7680983 ]], and true label: 99
Prediction result: [[0.44040442 0.5595955 ]], and true label: 99
Prediction result: [[0.330493   0.66950697]], and true label: 99
Prediction result: [[0.29528785 0.70471215]], and true label: 99
Prediction result: [[0.6410427  0.35895732]], and true label: 99
Prediction result: [[0.38546032 0.6145397 ]], and true label: 99
Prediction result: [[0.20605348 0.7939465 ]], and true label: 99
Prediction result: [[0.34743842 0.65256155]], and true label: 99
Prediction result: [[0.29528785 0.70471215]], and true label: 99
Prediction result: [[0.23190174 0.7680983 ]], and true label: 99
Prediction result: [[0.34743842 0.65256155]], and true label: 99
Prediction result: [[0.26236326 0.73763674]], and true label: 99
Prediction result: [[0.34743842 0.65256155]], and true label: 99
Prediction result: [[0.34743842 0.65256155]], and true label: 99
Prediction result: [[0.20605348 0.7939465 ]], and true label: 99
Prediction result: [[0.330493   0.66950697]], and true label: 99
Prediction result: [[0.27726215 0.72273785]], and true label: 99
Prediction result: [[0.330493   0.66950697]], and true label: 99
Prediction result: [[0.27726215 0.72273785]], and true label: 99
Prediction result: [[0.38546032 0.6145397 ]], and true label: 99
Prediction result: [[0.38546032 0.6145397 ]], and true label: 99
Prediction result: [[0.330493   0.66950697]], and true label: 99
Prediction result: [[0.330493   0.66950697]], and true label: 99
Prediction result: [[0.29528785 0.70471215]], and true label: 99
Prediction result: [[0.31397638 0.6860236 ]], and true label: 99
Prediction result: [[0.40352544 0.5964745 ]], and true label: 99
Prediction result: [[0.18052967 0.81947035]], and true label: 99
Prediction result: [[0.330493   0.66950697]], and true label: 99
Prediction result: [[0.38546032 0.6145397 ]], and true label: 99
Prediction result: [[0.18052967 0.81947035]], and true label: 99
Prediction result: [[0.330493   0.66950697]], and true label: 99
Prediction result: [[0.330493   0.66950697]], and true label: 99
Prediction result: [[0.20605348 0.7939465 ]], and true label: 99
Prediction result: [[0.38546032 0.6145397 ]], and true label: 99
Prediction result: [[0.42185602 0.578144  ]], and true label: 99
Prediction result: [[0.26236326 0.73763674]], and true label: 99
Prediction result: [[0.330493   0.66950697]], and true label: 99
Prediction result: [[0.42185602 0.578144  ]], and true label: 99
Prediction result: [[0.330493   0.66950697]], and true label: 99
Prediction result: [[0.0895151 0.9104849]], and true label: 99
Prediction result: [[0.29528785 0.70471215]], and true label: 99
Prediction result: [[0.21870273 0.7812973 ]], and true label: 99
Prediction result: [[0.29528785 0.70471215]], and true label: 99
Prediction result: [[0.29528785 0.70471215]], and true label: 99
Prediction result: [[0.29528785 0.70471215]], and true label: 99
Prediction result: [[0.29528785 0.70471215]], and true label: 99
Prediction result: [[0.29528785 0.70471215]], and true label: 99
Prediction result: [[0.29528785 0.70471215]], and true label: 99
Prediction result: [[0.29528785 0.70471215]], and true label: 99
Prediction result: [[0.29528785 0.70471215]], and true label: 99
Prediction result: [[0.29528785 0.70471215]], and true label: 99
Prediction result: [[0.29528785 0.70471215]], and true label: 99
Prediction result: [[0.29528785 0.70471215]], and true label: 99
Prediction result: [[0.29528785 0.70471215]], and true label: 99
Prediction result: [[0.29528785 0.70471215]], and true label: 99
Prediction result: [[0.29528785 0.70471215]], and true label: 99
Prediction result: [[0.29528785 0.70471215]], and true label: 99
Prediction result: [[0.29528785 0.70471215]], and true label: 99
Prediction result: [[0.29528785 0.70471215]], and true label: 99
Prediction result: [[0.29528785 0.70471215]], and true label: 99
Prediction result: [[0.29528785 0.70471215]], and true label: 99
Prediction result: [[0.29528785 0.70471215]], and true label: 99
Prediction result: [[0.29528785 0.70471215]], and true label: 99
Prediction result: [[0.29528785 0.70471215]], and true label: 99
Prediction result: [[0.29528785 0.70471215]], and true label: 99
Prediction result: [[0.29528785 0.70471215]], and true label: 99
Prediction result: [[0.29528785 0.70471215]], and true label: 99
Prediction result: [[0.29528785 0.70471215]], and true label: 99
Prediction result: [[0.29528785 0.70471215]], and true label: 99
Prediction result: [[0.29528785 0.70471215]], and true label: 99
Prediction result: [[0.29528785 0.70471215]], and true label: 99
Prediction result: [[0.29528785 0.70471215]], and true label: 99
Prediction result: [[0.29528785 0.70471215]], and true label: 99
Prediction result: [[0.29528785 0.70471215]], and true label: 99
Prediction result: [[0.29528785 0.70471215]], and true label: 99
Prediction result: [[0.29528785 0.70471215]], and true label: 99
Prediction result: [[0.29528785 0.70471215]], and true label: 99
Prediction result: [[0.29528785 0.70471215]], and true label: 99
Prediction result: [[0.29528785 0.70471215]], and true label: 99
Prediction result: [[0.29528785 0.70471215]], and true label: 99
Prediction result: [[0.29528785 0.70471215]], and true label: 99
Prediction result: [[0.29528785 0.70471215]], and true label: 99
Prediction result: [[0.29528785 0.70471215]], and true label: 99
Prediction result: [[0.29528785 0.70471215]], and true label: 99
Prediction result: [[0.29528785 0.70471215]], and true label: 99
Prediction result: [[0.29528785 0.70471215]], and true label: 99
Prediction result: [[0.29528785 0.70471215]], and true label: 99
Prediction result: [[0.29528785 0.70471215]], and true label: 99
Prediction result: [[0.29528785 0.70471215]], and true label: 99
Prediction result: [[0.29528785 0.70471215]], and true label: 99
Prediction result: [[0.29528785 0.70471215]], and true label: 99
Prediction result: [[0.29528785 0.70471215]], and true label: 99
Prediction result: [[0.29528785 0.70471215]], and true label: 99
Prediction result: [[0.29528785 0.70471215]], and true label: 99
Prediction result: [[0.29528785 0.70471215]], and true label: 99
Prediction result: [[0.29528785 0.70471215]], and true label: 99
Prediction result: [[0.29528785 0.70471215]], and true label: 99
Prediction result: [[0.29528785 0.70471215]], and true label: 99
Prediction result: [[0.29528785 0.70471215]], and true label: 99
Prediction result: [[0.29528785 0.70471215]], and true label: 99
Prediction result: [[0.29528785 0.70471215]], and true label: 99
Prediction result: [[0.29528785 0.70471215]], and true label: 99
Prediction result: [[0.29528785 0.70471215]], and true label: 99
Prediction result: [[0.29528785 0.70471215]], and true label: 99
Prediction result: [[0.29528785 0.70471215]], and true label: 99
Prediction result: [[0.29528785 0.70471215]], and true label: 99
Prediction result: [[0.29528785 0.70471215]], and true label: 99
Prediction result: [[0.29528785 0.70471215]], and true label: 99
Prediction result: [[0.29528785 0.70471215]], and true label: 99
Prediction result: [[0.29528785 0.70471215]], and true label: 99
Prediction result: [[0.29528785 0.70471215]], and true label: 99
Prediction result: [[0.29528785 0.70471215]], and true label: 99
Prediction result: [[0.29528785 0.70471215]], and true label: 99
Prediction result: [[0.29528785 0.70471215]], and true label: 99
Prediction result: [[0.29528785 0.70471215]], and true label: 99
Prediction result: [[0.29528785 0.70471215]], and true label: 99
Prediction result: [[0.29528785 0.70471215]], and true label: 99
Prediction result: [[0.29528785 0.70471215]], and true label: 99
Prediction result: [[0.29528785 0.70471215]], and true label: 99
Prediction result: [[0.29528785 0.70471215]], and true label: 99
Prediction result: [[0.29528785 0.70471215]], and true label: 99
Prediction result: [[0.29528785 0.70471215]], and true label: 99
Prediction result: [[0.29528785 0.70471215]], and true label: 99
Prediction result: [[0.29528785 0.70471215]], and true label: 99
Prediction result: [[0.29528785 0.70471215]], and true label: 99
Prediction result: [[0.29528785 0.70471215]], and true label: 99
Prediction result: [[0.29528785 0.70471215]], and true label: 99
Prediction result: [[0.29528785 0.70471215]], and true label: 99
Prediction result: [[0.29528785 0.70471215]], and true label: 99
Prediction result: [[0.29528785 0.70471215]], and true label: 99
Prediction result: [[0.29528785 0.70471215]], and true label: 99
Prediction result: [[0.29528785 0.70471215]], and true label: 99
Prediction result: [[0.29528785 0.70471215]], and true label: 99
Prediction result: [[0.29528785 0.70471215]], and true label: 99
Prediction result: [[0.65541416 0.34458578]], and true label: 52
Prediction result: [[0.63813674 0.36186326]], and true label: 52
Prediction result: [[0.7252569 0.2747431]], and true label: 52
Prediction result: [[0.38546032 0.6145397 ]], and true label: 52
Prediction result: [[0.6914287  0.30857134]], and true label: 52
Prediction result: [[0.69943863 0.30056137]], and true label: 52
Prediction result: [[0.7520097  0.24799034]], and true label: 52
Prediction result: [[0.77033615 0.2296638 ]], and true label: 52
Prediction result: [[0.5440081  0.45599186]], and true label: 52
Prediction result: [[0.58428085 0.41571918]], and true label: 52
Prediction result: [[0.6582557  0.34174433]], and true label: 52
Prediction result: [[0.5595955  0.44040442]], and true label: 52
Prediction result: [[0.50315154 0.49684843]], and true label: 52
Prediction result: [[0.7252569 0.2747431]], and true label: 52
Prediction result: [[0.82317024 0.1768297 ]], and true label: 52
Prediction result: [[0.6667117  0.33328834]], and true label: 52
Prediction result: [[0.63813674 0.36186326]], and true label: 52
Prediction result: [[0.60252804 0.39747196]], and true label: 52
Prediction result: [[0.6750617  0.32493833]], and true label: 52
Prediction result: [[0.52204686 0.4779532 ]], and true label: 52
Prediction result: [[0.63813674 0.36186326]], and true label: 52
Prediction result: [[0.6750617  0.32493833]], and true label: 52
Prediction result: [[0.56270003 0.43730003]], and true label: 52
Prediction result: [[0.65541416 0.34458578]], and true label: 52
Prediction result: [[0.6554142  0.34458578]], and true label: 52
Prediction result: [[0.77033615 0.2296638 ]], and true label: 52
Prediction result: [[0.73763674 0.26236326]], and true label: 52
Prediction result: [[0.5812155  0.41878447]], and true label: 52
Prediction result: [[0.52204686 0.4779532 ]], and true label: 52
Prediction result: [[0.7073287  0.29267132]], and true label: 52
Prediction result: [[0.763577 0.236423]], and true label: 52
Prediction result: [[0.7073287  0.29267132]], and true label: 52
Prediction result: [[0.7520097  0.24799034]], and true label: 52
Prediction result: [[0.6914287  0.30857134]], and true label: 52
Prediction result: [[0.40352544 0.5964745 ]], and true label: 52
Prediction result: [[0.59343666 0.40656337]], and true label: 52
Prediction result: [[0.6582557  0.34174433]], and true label: 52
Prediction result: [[0.5440081  0.45599186]], and true label: 52
Prediction result: [[0.48424724 0.51575273]], and true label: 52
Prediction result: [[0.6410427  0.35895732]], and true label: 52
Prediction result: [[0.50315154 0.49684843]], and true label: 52
Prediction result: [[0.6204946  0.37950543]], and true label: 52
Prediction result: [[0.6750617  0.32493833]], and true label: 52
Prediction result: [[0.50315154 0.49684843]], and true label: 52
Prediction result: [[0.6914287  0.30857134]], and true label: 52
Prediction result: [[0.6914287  0.30857134]], and true label: 52
Prediction result: [[0.52204686 0.4779532 ]], and true label: 52
Prediction result: [[0.6204946  0.37950543]], and true label: 52
Prediction result: [[0.7252569 0.2747431]], and true label: 52
Prediction result: [[0.7252569  0.27474308]], and true label: 52
Prediction result: [[0.7791355  0.22086443]], and true label: 52
Prediction result: [[0.50315154 0.49684843]], and true label: 52
Prediction result: [[0.56270003 0.43730003]], and true label: 52
Prediction result: [[0.52204686 0.4779532 ]], and true label: 52
Prediction result: [[0.7680983  0.23190172]], and true label: 52
Prediction result: [[0.7520097  0.24799034]], and true label: 52
Prediction result: [[0.5812155  0.41878447]], and true label: 52
Prediction result: [[0.6914287  0.30857134]], and true label: 52
Prediction result: [[0.6722904  0.32770965]], and true label: 52
Prediction result: [[0.59950507 0.40049493]], and true label: 52
Prediction result: [[0.7791355  0.22086443]], and true label: 52
Prediction result: [[0.59950507 0.40049493]], and true label: 52
Prediction result: [[0.79187655 0.20812348]], and true label: 52
Prediction result: [[0.5812155  0.41878447]], and true label: 52
Prediction result: [[0.5440081  0.45599186]], and true label: 52
Prediction result: [[0.78129727 0.21870275]], and true label: 52
Prediction result: [[0.6941118 0.3058882]], and true label: 52
Prediction result: [[0.5440081  0.45599186]], and true label: 52
Prediction result: [[0.6410427  0.35895732]], and true label: 52
Prediction result: [[0.72273785 0.27726215]], and true label: 52
Prediction result: [[0.6914287  0.30857134]], and true label: 52
Prediction result: [[0.20605348 0.7939465 ]], and true label: 52
Prediction result: [[0.65541416 0.34458578]], and true label: 52
Prediction result: [[0.8060458 0.1939542]], and true label: 52
Prediction result: [[0.7980406  0.20195936]], and true label: 52
Prediction result: [[0.6722904  0.32770965]], and true label: 52
Prediction result: [[0.44040442 0.5595955 ]], and true label: 52
Prediction result: [[0.6722904  0.32770965]], and true label: 52
Prediction result: [[0.44040442 0.5595955 ]], and true label: 52
Prediction result: [[0.5 0.5]], and true label: 52
Prediction result: [[0.7252569 0.2747431]], and true label: 52
Prediction result: [[0.72273785 0.27726215]], and true label: 52
Prediction result: [[0.6410427  0.35895732]], and true label: 52
Prediction result: [[0.79600126 0.2039988 ]], and true label: 52
Prediction result: [[0.56270003 0.43730003]], and true label: 52
Prediction result: [[0.72020465 0.27979538]], and true label: 52
Prediction result: [[0.58428085 0.41571918]], and true label: 52
Prediction result: [[0.7073287  0.29267132]], and true label: 52
Prediction result: [[0.6750617  0.32493833]], and true label: 52
Prediction result: [[0.72273785 0.27726215]], and true label: 52
Prediction result: [[0.70993155 0.29006848]], and true label: 52
Prediction result: [[0.6410427  0.35895732]], and true label: 52
Prediction result: [[0.6914287  0.30857134]], and true label: 52
Prediction result: [[0.7812973  0.21870273]], and true label: 52
Prediction result: [[0.6582557  0.34174433]], and true label: 52
Prediction result: [[0.8099571  0.19004294]], and true label: 52
Prediction result: [[0.6750617  0.32493833]], and true label: 52
Prediction result: [[0.56270003 0.43730003]], and true label: 52
Prediction result: [[0.75435317 0.24564682]], and true label: 52
Prediction result: [[0.59950507 0.40049493]], and true label: 52
Prediction result: [[0.59950507 0.40049493]], and true label: 52
Prediction result: [[0.763577 0.236423]], and true label: 52
Prediction result: [[0.6722904  0.32770965]], and true label: 52
Prediction result: [[0.83039105 0.16960897]], and true label: 52
Prediction result: [[0.6582557  0.34174433]], and true label: 52
Prediction result: [[0.7073287  0.29267132]], and true label: 52
Prediction result: [[0.52204686 0.4779532 ]], and true label: 52
Prediction result: [[0.7520097  0.24799034]], and true label: 52
Prediction result: [[0.5812155  0.41878447]], and true label: 52
Prediction result: [[0.7400691  0.25993088]], and true label: 52
Prediction result: [[0.70993155 0.29006848]], and true label: 52
Prediction result: [[0.6410427  0.35895732]], and true label: 52
Prediction result: [[0.7791355  0.22086443]], and true label: 52
Prediction result: [[0.8506461  0.14935389]], and true label: 52
Prediction result: [[0.60252804 0.39747196]], and true label: 52
Prediction result: [[0.78344375 0.2165563 ]], and true label: 52
Prediction result: [[0.29528785 0.70471215]], and true label: 99
Prediction result: [[0.29528785 0.70471215]], and true label: 99
Prediction result: [[0.29528785 0.70471215]], and true label: 99
Prediction result: [[0.29528785 0.70471215]], and true label: 99
Prediction result: [[0.29528785 0.70471215]], and true label: 99
Prediction result: [[0.29528785 0.70471215]], and true label: 99
Prediction result: [[0.29528785 0.70471215]], and true label: 99
Prediction result: [[0.29528785 0.70471215]], and true label: 99
Prediction result: [[0.29528785 0.70471215]], and true label: 99
Prediction result: [[0.29528785 0.70471215]], and true label: 99
Prediction result: [[0.29528785 0.70471215]], and true label: 99
Prediction result: [[0.29528785 0.70471215]], and true label: 99
Prediction result: [[0.29528785 0.70471215]], and true label: 99
Prediction result: [[0.29528785 0.70471215]], and true label: 99
Prediction result: [[0.29528785 0.70471215]], and true label: 99
Prediction result: [[0.29528785 0.70471215]], and true label: 99
Prediction result: [[0.29528785 0.70471215]], and true label: 99
Prediction result: [[0.29528785 0.70471215]], and true label: 99
Prediction result: [[0.29528785 0.70471215]], and true label: 99
Prediction result: [[0.29528785 0.70471215]], and true label: 99
Prediction result: [[0.29528785 0.70471215]], and true label: 99
Prediction result: [[0.29528785 0.70471215]], and true label: 99
Prediction result: [[0.29528785 0.70471215]], and true label: 99
Prediction result: [[0.29528785 0.70471215]], and true label: 99
Prediction result: [[0.29528785 0.70471215]], and true label: 99
Prediction result: [[0.29528785 0.70471215]], and true label: 99
Prediction result: [[0.29528785 0.70471215]], and true label: 99
Prediction result: [[0.29528785 0.70471215]], and true label: 99
Prediction result: [[0.29528785 0.70471215]], and true label: 99
Prediction result: [[0.29528785 0.70471215]], and true label: 99
Prediction result: [[0.29528785 0.70471215]], and true label: 99
Prediction result: [[0.29528785 0.70471215]], and true label: 99
Prediction result: [[0.29528785 0.70471215]], and true label: 99
Prediction result: [[0.29528785 0.70471215]], and true label: 99
Prediction result: [[0.29528785 0.70471215]], and true label: 99
Prediction result: [[0.29528785 0.70471215]], and true label: 99
Prediction result: [[0.29528785 0.70471215]], and true label: 99
Prediction result: [[0.29528785 0.70471215]], and true label: 99
Prediction result: [[0.29528785 0.70471215]], and true label: 99
Prediction result: [[0.29528785 0.70471215]], and true label: 99
Prediction result: [[0.29528785 0.70471215]], and true label: 99
Prediction result: [[0.29528785 0.70471215]], and true label: 99
Prediction result: [[0.29528785 0.70471215]], and true label: 99
Prediction result: [[0.29528785 0.70471215]], and true label: 99
Prediction result: [[0.29528785 0.70471215]], and true label: 99
Prediction result: [[0.29528785 0.70471215]], and true label: 99
Prediction result: [[0.29528785 0.70471215]], and true label: 99
Prediction result: [[0.29528785 0.70471215]], and true label: 99
Prediction result: [[0.29528785 0.70471215]], and true label: 99
Prediction result: [[0.29528785 0.70471215]], and true label: 99
Prediction result: [[0.29528785 0.70471215]], and true label: 99
Prediction result: [[0.29528785 0.70471215]], and true label: 99
Prediction result: [[0.29528785 0.70471215]], and true label: 99
Prediction result: [[0.29528785 0.70471215]], and true label: 99
Prediction result: [[0.29528785 0.70471215]], and true label: 99
Prediction result: [[0.29528785 0.70471215]], and true label: 99
Prediction result: [[0.29528785 0.70471215]], and true label: 99
Prediction result: [[0.29528785 0.70471215]], and true label: 99
Prediction result: [[0.29528785 0.70471215]], and true label: 99
Prediction result: [[0.29528785 0.70471215]], and true label: 99
Prediction result: [[0.29528785 0.70471215]], and true label: 99
Prediction result: [[0.29528785 0.70471215]], and true label: 99
Prediction result: [[0.29528785 0.70471215]], and true label: 99
Prediction result: [[0.29528785 0.70471215]], and true label: 99
Prediction result: [[0.29528785 0.70471215]], and true label: 99
Prediction result: [[0.29528785 0.70471215]], and true label: 99
Prediction result: [[0.29528785 0.70471215]], and true label: 99
Prediction result: [[0.29528785 0.70471215]], and true label: 99
Prediction result: [[0.29528785 0.70471215]], and true label: 99
Prediction result: [[0.29528785 0.70471215]], and true label: 99
Prediction result: [[0.29528785 0.70471215]], and true label: 99
Prediction result: [[0.29528785 0.70471215]], and true label: 99
Prediction result: [[0.29528785 0.70471215]], and true label: 99
Prediction result: [[0.29528785 0.70471215]], and true label: 99
Prediction result: [[0.29528785 0.70471215]], and true label: 99
Prediction result: [[0.29528785 0.70471215]], and true label: 99
Prediction result: [[0.29528785 0.70471215]], and true label: 99
Prediction result: [[0.29528785 0.70471215]], and true label: 99
Prediction result: [[0.29528785 0.70471215]], and true label: 99
Prediction result: [[0.29528785 0.70471215]], and true label: 99
Prediction result: [[0.29528785 0.70471215]], and true label: 99
Prediction result: [[0.29528785 0.70471215]], and true label: 99
Prediction result: [[0.29528785 0.70471215]], and true label: 99
Prediction result: [[0.29528785 0.70471215]], and true label: 99
Prediction result: [[0.29528785 0.70471215]], and true label: 99
Prediction result: [[0.29528785 0.70471215]], and true label: 99
Prediction result: [[0.29528785 0.70471215]], and true label: 99
Prediction result: [[0.29528785 0.70471215]], and true label: 99
Prediction result: [[0.29528785 0.70471215]], and true label: 99
Prediction result: [[0.29528785 0.70471215]], and true label: 99
Prediction result: [[0.29528785 0.70471215]], and true label: 99
test1: total sounds(alarm+other+siren)test result is 95.22388059701493
test1: total alarm sounds result is 93.96551724137932
test1 total other sounds(other+siren) result is 95.89041095890411
**************************************************************************************
test2: total sounds(alarm+siren)test result is 96.61835748792271
test1: total alarm sounds result is 93.96551724137932
test2 total siren sounds result is 100.0